<?xml version="1.0" encoding="UTF-8"?>
<testsuite xmlns:xsi="http://www.w3.org/2001/XMLSchema-instance" xsi:noNamespaceSchemaLocation="https://maven.apache.org/surefire/maven-surefire-plugin/xsd/surefire-test-report-3.0.xsd" version="3.0" name="TestSuite" time="23.028" tests="5" errors="0" skipped="0" failures="0">
  <properties>
[...]
</properties>
  <testcase name="runScenario[&quot;Validate Home Page&quot;, &quot;Check Home Page&quot;](1)" classname="runner.TestRunner" time="3.57">
    <system-out><![CDATA[*********************BEFORE SUITE***********************
Environment Selected : Q2
Property file loaded
CHROME Driver Initialized
No Matched Driver
Hello Sonar

@CheckHomePage @TestNG @severity=Normal
Scenario: Validate Home Page         # src/test/resources/features/checkHomePage.feature:8
*********************BEFORE HOOK***********************
Current Scenario : Validate Home Page
Background
  Given The user in on the Home Page # stepDefinitions.checkHomePage_stepDefs.the_user_in_on_the_home_page()
**********************SECOND SCENARIO***********************
  When The user validate page hello  # stepDefinitions.checkHomePage_stepDefs.the_user_validate_page_hello()
Button Txt
  Then User validate the button text # stepDefinitions.checkHomePage_stepDefs.user_validate_the_button_text()
*********************AFTER HOOK***********************
New Session
]]></system-out>
    <system-err><![CDATA[SLF4J: Failed to load class "org.slf4j.impl.StaticLoggerBinder".
SLF4J: Defaulting to no-operation (NOP) logger implementation
SLF4J: See http://www.slf4j.org/codes.html#StaticLoggerBinder for further details.
Sep 11, 2023 11:34:52 AM io.cucumber.core.options.CucumberPropertiesParser lambda$warnWhenCucumberOptionsIsUsed$2
WARNING: Passing commandline options via the property 'cucumber.options' is no longer supported. Please use individual properties instead. See the java doc on io.cucumber.core.options.Constants for details.
Sep 11, 2023 11:34:53 AM org.openqa.selenium.remote.tracing.opentelemetry.OpenTelemetryTracer createTracer
INFO: Using OpenTelemetry for tracing
]]></system-err>
  </testcase>
  <testcase name="runScenario[&quot;Successful Login&quot;, &quot;Login to the Application&quot;](2)" classname="runner.TestRunner" time="4.987">
    <system-out><![CDATA[
@Login @Severity=Blocker
Scenario: Successful Login                  # src/test/resources/features/loginPage.feature:7
*********************BEFORE HOOK***********************
Current Scenario : Successful Login
*********************BACKGROUND***********************
  Given The user in on the Login page       # stepDefinitions.login_stepDeff.the_user_in_on_the_Login_page()
  When The user enter username and password # stepDefinitions.login_stepDeff.the_user_enter_username_and_password()
  And Click on Login button                 # stepDefinitions.login_stepDeff.click_on_login_button()
Logged In Successfully
  Then User is navigated to home page       # stepDefinitions.login_stepDeff.user_is_navigated_to_home_page()
*********************AFTER HOOK***********************
New Session
]]></system-out>
  </testcase>
  <testcase name="runScenario[&quot;Un-Successful Login&quot;, &quot;Login to the Application&quot;](3)" classname="runner.TestRunner" time="1.302">
    <system-out><![CDATA[
@Login @Severity=Blocker
Scenario Outline: Un-Successful Login          # src/test/resources/features/loginPage.feature:20
*********************BEFORE HOOK***********************
Current Scenario : Un-Successful Login
*********************BACKGROUND***********************
  Given The user in on the Login page          # stepDefinitions.login_stepDeff.the_user_in_on_the_Login_page()
  When The user enter "invalid_1" and password # stepDefinitions.login_stepDeff.the_user_enter_invalid_username(java.lang.String)
  And Click on Login button                    # stepDefinitions.login_stepDeff.click_on_login_button()
invalidLogin msg : Your username is invalid!
  Then User is not navigated to home page      # stepDefinitions.login_stepDeff.user_is_not_navigated_to_home_page()
After Assert
  Then Check After Assert                      # stepDefinitions.login_stepDeff.check_after_assert()
*********************AFTER HOOK***********************
New Session
]]></system-out>
  </testcase>
  <testcase name="runScenario[&quot;Un-Successful Login&quot;, &quot;Login to the Application&quot;](4)" classname="runner.TestRunner" time="1.219">
    <system-out><![CDATA[
@Login @Severity=Blocker
Scenario Outline: Un-Successful Login          # src/test/resources/features/loginPage.feature:21
*********************BEFORE HOOK***********************
Current Scenario : Un-Successful Login
*********************BACKGROUND***********************
  Given The user in on the Login page          # stepDefinitions.login_stepDeff.the_user_in_on_the_Login_page()
  When The user enter "invalid_2" and password # stepDefinitions.login_stepDeff.the_user_enter_invalid_username(java.lang.String)
  And Click on Login button                    # stepDefinitions.login_stepDeff.click_on_login_button()
invalidLogin msg : Your username is invalid!
  Then User is not navigated to home page      # stepDefinitions.login_stepDeff.user_is_not_navigated_to_home_page()
After Assert
  Then Check After Assert                      # stepDefinitions.login_stepDeff.check_after_assert()
*********************AFTER HOOK***********************
New Session
]]></system-out>
  </testcase>
  <testcase name="runScenario[&quot;Check Data Table&quot;, &quot;Login to the Application&quot;](5)" classname="runner.TestRunner" time="2.584">
    <system-out><![CDATA[
@Login @Severity=Blocker
Scenario: Check Data Table            # src/test/resources/features/loginPage.feature:23
*********************BEFORE HOOK***********************
Current Scenario : Check Data Table
*********************BACKGROUND***********************
  Given The user in on the Login page # stepDefinitions.login_stepDeff.the_user_in_on_the_Login_page()
[{user=saket, pass=saketpass, Location=saketLocation}, {user=rocky, pass=rockypass, Location=rockyLocation}]
  When Check the datatable            # stepDefinitions.login_stepDeff.check_the_datatable(io.cucumber.datatable.DataTable)
    | user  | pass      | Location      |
    | saket | saketpass | saketLocation |
    | rocky | rockypass | rockyLocation |
Method
[sree, saket]
  Then checklist                      # stepDefinitions.login_stepDeff.checklist(java.util.List<java.lang.String>)
    | sree  |
    | saket |
*********************AFTER HOOK***********************
New Session
]]></system-out>
  </testcase>
</testsuite>