<?xml version="1.0" encoding="UTF-8"?>
<testng-results ignored="0" total="5" passed="5" failed="0" skipped="0">
  <reporter-output>
  </reporter-output>
  <suite started-at="2023-09-21T18:40:32 IST" name="Default suite" finished-at="2023-09-21T18:40:46 IST" duration-ms="13429">
    <groups>
      <group name="cucumber">
        <method signature="AbstractTestNGCucumberTests.runScenario(io.cucumber.testng.PickleWrapper,io.cucumber.testng.FeatureWrapper)[pri:0, instance:runner.TestRunner@1706a5c9]" name="runScenario" class="io.cucumber.testng.AbstractTestNGCucumberTests"/>
      </group> <!-- cucumber -->
    </groups>
    <test started-at="2023-09-21T18:40:32 IST" name="Default test" finished-at="2023-09-21T18:40:46 IST" duration-ms="13429">
      <class name="runner.TestRunner">
        <test-method is-config="true" signature="setUpClass(org.testng.ITestContext)[pri:0, instance:runner.TestRunner@1706a5c9]" started-at="2023-09-21T18:40:32 IST" name="setUpClass" finished-at="2023-09-21T18:40:33 IST" duration-ms="369" status="PASS">
          <params>
            <param index="0">
              <value>
                <![CDATA[org.testng.TestRunner@3c205259]]>
              </value>
            </param>
          </params>
          <reporter-output>
          </reporter-output>
        </test-method> <!-- setUpClass -->
        <test-method is-config="true" signature="runnn()[pri:0, instance:runner.TestRunner@1706a5c9]" started-at="2023-09-21T18:40:33 IST" name="runnn" finished-at="2023-09-21T18:40:35 IST" duration-ms="2142" status="PASS">
          <reporter-output>
          </reporter-output>
        </test-method> <!-- runnn -->
        <test-method signature="runScenario(io.cucumber.testng.PickleWrapper,io.cucumber.testng.FeatureWrapper)[pri:0, instance:runner.TestRunner@1706a5c9]" started-at="2023-09-21T18:40:35 IST" name="runScenario" description="Runs Cucumber Scenarios" data-provider="scenarios" finished-at="2023-09-21T18:40:39 IST" duration-ms="3633" status="PASS">
          <params>
            <param index="0">
              <value>
                <![CDATA["Validate Home Page"]]>
              </value>
            </param>
            <param index="1">
              <value>
                <![CDATA["Check Home Page"]]>
              </value>
            </param>
          </params>
          <reporter-output>
          </reporter-output>
        </test-method> <!-- runScenario -->
        <test-method signature="runScenario(io.cucumber.testng.PickleWrapper,io.cucumber.testng.FeatureWrapper)[pri:0, instance:runner.TestRunner@1706a5c9]" started-at="2023-09-21T18:40:39 IST" name="runScenario" description="Runs Cucumber Scenarios" data-provider="scenarios" finished-at="2023-09-21T18:40:43 IST" duration-ms="4422" status="PASS">
          <params>
            <param index="0">
              <value>
                <![CDATA["Successful Login"]]>
              </value>
            </param>
            <param index="1">
              <value>
                <![CDATA["Login to the Application"]]>
              </value>
            </param>
          </params>
          <reporter-output>
          </reporter-output>
        </test-method> <!-- runScenario -->
        <test-method signature="runScenario(io.cucumber.testng.PickleWrapper,io.cucumber.testng.FeatureWrapper)[pri:0, instance:runner.TestRunner@1706a5c9]" started-at="2023-09-21T18:40:43 IST" name="runScenario" description="Runs Cucumber Scenarios" data-provider="scenarios" finished-at="2023-09-21T18:40:44 IST" duration-ms="1019" status="PASS">
          <params>
            <param index="0">
              <value>
                <![CDATA["Un-Successful Login"]]>
              </value>
            </param>
            <param index="1">
              <value>
                <![CDATA["Login to the Application"]]>
              </value>
            </param>
          </params>
          <reporter-output>
          </reporter-output>
        </test-method> <!-- runScenario -->
        <test-method signature="runScenario(io.cucumber.testng.PickleWrapper,io.cucumber.testng.FeatureWrapper)[pri:0, instance:runner.TestRunner@1706a5c9]" started-at="2023-09-21T18:40:44 IST" name="runScenario" description="Runs Cucumber Scenarios" data-provider="scenarios" finished-at="2023-09-21T18:40:45 IST" duration-ms="948" status="PASS">
          <params>
            <param index="0">
              <value>
                <![CDATA["Un-Successful Login"]]>
              </value>
            </param>
            <param index="1">
              <value>
                <![CDATA["Login to the Application"]]>
              </value>
            </param>
          </params>
          <reporter-output>
          </reporter-output>
        </test-method> <!-- runScenario -->
        <test-method signature="runScenario(io.cucumber.testng.PickleWrapper,io.cucumber.testng.FeatureWrapper)[pri:0, instance:runner.TestRunner@1706a5c9]" started-at="2023-09-21T18:40:45 IST" name="runScenario" description="Runs Cucumber Scenarios" data-provider="scenarios" finished-at="2023-09-21T18:40:46 IST" duration-ms="612" status="PASS">
          <params>
            <param index="0">
              <value>
                <![CDATA["Check Data Table"]]>
              </value>
            </param>
            <param index="1">
              <value>
                <![CDATA["Login to the Application"]]>
              </value>
            </param>
          </params>
          <reporter-output>
          </reporter-output>
        </test-method> <!-- runScenario -->
        <test-method is-config="true" signature="runnnAfter()[pri:0, instance:runner.TestRunner@1706a5c9]" started-at="2023-09-21T18:40:46 IST" name="runnnAfter" finished-at="2023-09-21T18:40:46 IST" duration-ms="185" status="PASS">
          <reporter-output>
          </reporter-output>
        </test-method> <!-- runnnAfter -->
        <test-method is-config="true" signature="tearDownClass()[pri:0, instance:runner.TestRunner@1706a5c9]" started-at="2023-09-21T18:40:46 IST" name="tearDownClass" finished-at="2023-09-21T18:40:46 IST" duration-ms="2" status="PASS">
          <reporter-output>
          </reporter-output>
        </test-method> <!-- tearDownClass -->
      </class> <!-- runner.TestRunner -->
    </test> <!-- Default test -->
  </suite> <!-- Default suite -->
</testng-results>
